c:\users\kim i w\desktop\201612093\pofol\dx3d\release\dx3d.pch
c:\users\kim i w\desktop\201612093\pofol\dx3d\release\vc140.pdb
c:\users\kim i w\desktop\201612093\pofol\dx3d\release\stdafx.obj
c:\users\kim i w\desktop\201612093\pofol\dx3d\release\cmaingame.obj
c:\users\kim i w\desktop\201612093\pofol\dx3d\release\citembase.obj
c:\users\kim i w\desktop\201612093\pofol\dx3d\release\cheightmap.obj
c:\users\kim i w\desktop\201612093\pofol\dx3d\release\cgroup.obj
c:\users\kim i w\desktop\201612093\pofol\dx3d\release\cgrid.obj
c:\users\kim i w\desktop\201612093\pofol\dx3d\release\cgameobject.obj
c:\users\kim i w\desktop\201612093\pofol\dx3d\release\cframe.obj
c:\users\kim i w\desktop\201612093\pofol\dx3d\release\cfontmanager.obj
c:\users\kim i w\desktop\201612093\pofol\dx3d\release\cfiona.obj
c:\users\kim i w\desktop\201612093\pofol\dx3d\release\cdevicemanager.obj
c:\users\kim i w\desktop\201612093\pofol\dx3d\release\ccube.obj
c:\users\kim i w\desktop\201612093\pofol\dx3d\release\ccharcontroller.obj
c:\users\kim i w\desktop\201612093\pofol\dx3d\release\ccamera.obj
c:\users\kim i w\desktop\201612093\pofol\dx3d\release\cautoreleasepool.obj
c:\users\kim i w\desktop\201612093\pofol\dx3d\release\caseloader.obj
c:\users\kim i w\desktop\201612093\pofol\dx3d\release\callocatehierarchy.obj
c:\users\kim i w\desktop\201612093\pofol\dx3d\release\cactionseq.obj
c:\users\kim i w\desktop\201612093\pofol\dx3d\release\cactionrepeat.obj
c:\users\kim i w\desktop\201612093\pofol\dx3d\release\cactionmove.obj
c:\users\kim i w\desktop\201612093\pofol\dx3d\release\caction.obj
c:\users\kim i w\desktop\201612093\pofol\dx3d\release\cuiobject.obj
c:\users\kim i w\desktop\201612093\pofol\dx3d\release\cuiinterface.obj
c:\users\kim i w\desktop\201612093\pofol\dx3d\release\cuiimageview.obj
c:\users\kim i w\desktop\201612093\pofol\dx3d\release\cuibutton.obj
c:\users\kim i w\desktop\201612093\pofol\dx3d\release\ctimemanager.obj
c:\users\kim i w\desktop\201612093\pofol\dx3d\release\ctexturemanager.obj
c:\users\kim i w\desktop\201612093\pofol\dx3d\release\csokobanchar.obj
c:\users\kim i w\desktop\201612093\pofol\dx3d\release\cskinnedmeshmanager.obj
c:\users\kim i w\desktop\201612093\pofol\dx3d\release\cskinnedmesh.obj
c:\users\kim i w\desktop\201612093\pofol\dx3d\release\cskillmanager.obj
c:\users\kim i w\desktop\201612093\pofol\dx3d\release\cregina.obj
c:\users\kim i w\desktop\201612093\pofol\dx3d\release\cray.obj
c:\users\kim i w\desktop\201612093\pofol\dx3d\release\cpyramid.obj
c:\users\kim i w\desktop\201612093\pofol\dx3d\release\cphysics.obj
c:\users\kim i w\desktop\201612093\pofol\dx3d\release\cobjmap.obj
c:\users\kim i w\desktop\201612093\pofol\dx3d\release\cobjloader.obj
c:\users\kim i w\desktop\201612093\pofol\dx3d\release\cobjectpool.obj
c:\users\kim i w\desktop\201612093\pofol\dx3d\release\cobject.obj
c:\users\kim i w\desktop\201612093\pofol\dx3d\release\cobb.obj
c:\users\kim i w\desktop\201612093\pofol\dx3d\release\cmtltex.obj
c:\users\kim i w\desktop\201612093\pofol\dx3d\release\csoundmanager.obj
c:\users\kim i w\desktop\201612093\pofol\dx3d\release\ckeymanager.obj
c:\users\kim i w\desktop\201612093\pofol\dx3d\release\imap.obj
c:\users\kim i w\desktop\201612093\pofol\dx3d\release\icharacter.obj
c:\users\kim i w\desktop\201612093\pofol\dx3d\release\dx3d.obj
c:\users\kim i w\desktop\201612093\pofol\dx3d\release\cuitextview.obj
c:\users\kim i w\desktop\201612093\pofol\release\dx3d.exe
c:\users\kim i w\desktop\201612093\pofol\release\dx3d.ipdb
c:\users\kim i w\desktop\201612093\pofol\release\dx3d.iobj
c:\users\kim i w\desktop\201612093\pofol\release\dx3d.pdb
c:\users\kim i w\desktop\201612093\pofol\dx3d\release\dx3d.res
c:\users\kim i w\desktop\201612093\pofol\dx3d\release\dx3d.tlog\cl.command.1.tlog
c:\users\kim i w\desktop\201612093\pofol\dx3d\release\dx3d.tlog\cl.read.1.tlog
c:\users\kim i w\desktop\201612093\pofol\dx3d\release\dx3d.tlog\cl.write.1.tlog
c:\users\kim i w\desktop\201612093\pofol\dx3d\release\dx3d.tlog\link.command.1.tlog
c:\users\kim i w\desktop\201612093\pofol\dx3d\release\dx3d.tlog\link.read.1.tlog
c:\users\kim i w\desktop\201612093\pofol\dx3d\release\dx3d.tlog\link.write.1.tlog
c:\users\kim i w\desktop\201612093\pofol\dx3d\release\dx3d.tlog\rc.command.1.tlog
c:\users\kim i w\desktop\201612093\pofol\dx3d\release\dx3d.tlog\rc.read.1.tlog
c:\users\kim i w\desktop\201612093\pofol\dx3d\release\dx3d.tlog\rc.write.1.tlog
