  stdafx.cpp
  cAction.cpp
  cActionMove.cpp
  cActionRepeat.cpp
  cActionSeq.cpp
cActionSeq.cpp(28): warning C4018: '<': signed 또는 unsigned가 일치하지 않습니다.
cActionSeq.cpp(39): warning C4018: '<': signed 또는 unsigned가 일치하지 않습니다.
  cAllocateHierarchy.cpp
cAllocateHierarchy.cpp(21): warning C4316: 'ST_BONE': 힙에 할당된 개체가 16에 맞추어져 있지 않을 수도 있습니다
cAllocateHierarchy.cpp(28): warning C4996: 'strcpy': This function or variable may be unsafe. Consider using strcpy_s instead. To disable deprecation, use _CRT_SECURE_NO_WARNINGS. See online help for details.
  C:\Program Files (x86)\Windows Kits\10\Include\10.0.10240.0\ucrt\string.h(119): note: 'strcpy' 선언을 참조하십시오.
  cAseLoader.cpp
cAseLoader.cpp(239): warning C4316: 'cFrame': 힙에 할당된 개체가 16에 맞추어져 있지 않을 수도 있습니다
  cAutoReleasePool.cpp
  cCamera.cpp
  cCharController.cpp
  cCube.cpp
  cDeviceManager.cpp
  cFiona.cpp
cFiona.cpp(24): warning C4316: 'cOBB': 힙에 할당된 개체가 16에 맞추어져 있지 않을 수도 있습니다
  cFontManager.cpp
  cFrame.cpp
  cGameObject.cpp
  cGrid.cpp
cGrid.cpp(87): warning C4316: 'cPyramid': 힙에 할당된 개체가 16에 맞추어져 있지 않을 수도 있습니다
cGrid.cpp(95): warning C4316: 'cPyramid': 힙에 할당된 개체가 16에 맞추어져 있지 않을 수도 있습니다
cGrid.cpp(103): warning C4316: 'cPyramid': 힙에 할당된 개체가 16에 맞추어져 있지 않을 수도 있습니다
  cGroup.cpp
  cHeightMap.cpp
cHeightMap.cpp(44): warning C4244: '인수': 'int'에서 'FLOAT'(으)로 변환하면서 데이터가 손실될 수 있습니다.
cHeightMap.cpp(51): warning C4018: '<': signed 또는 unsigned가 일치하지 않습니다.
  cItemBase.cpp
  cMainGame.cpp
cMainGame.cpp(65): warning C4316: 'cCharController': 힙에 할당된 개체가 16에 맞추어져 있지 않을 수도 있습니다
cMainGame.cpp(70): warning C4316: 'cUIInterface': 힙에 할당된 개체가 16에 맞추어져 있지 않을 수도 있습니다
  컴파일하고 있습니다...
  cMtlTex.cpp
  cOBB.cpp
  cObject.cpp
  cObjectPool.cpp
  cObjLoader.cpp
cObjLoader.cpp(298): warning C4018: '<': signed 또는 unsigned가 일치하지 않습니다.
cObjLoader.cpp(419): warning C4018: '<': signed 또는 unsigned가 일치하지 않습니다.
cObjLoader.cpp(573): warning C4018: '<': signed 또는 unsigned가 일치하지 않습니다.
cObjLoader.cpp(611): warning C4018: '<': signed 또는 unsigned가 일치하지 않습니다.
  cObjMap.cpp
cObjMap.cpp(59): warning C4101: 'ppAllHits' :참조되지 않은 지역 변수입니다.
cObjMap.cpp(58): warning C4101: 'pFaceIndex' :참조되지 않은 지역 변수입니다.
cObjMap.cpp(60): warning C4101: 'pCountOfHits' :참조되지 않은 지역 변수입니다.
  cPhysics.cpp
  cPyramid.cpp
  cRay.cpp
  cRegina.cpp
  cSkillManager.cpp
  cSkinnedMesh.cpp
cSkinnedMesh.cpp(156): warning C4244: '인수': 'float'에서 'DWORD'(으)로 변환하면서 데이터가 손실될 수 있습니다.
cSkinnedMesh.cpp(354): warning C4018: '>': signed 또는 unsigned가 일치하지 않습니다.
cSkinnedMesh.cpp(409): warning C4244: '=': 'DOUBLE'에서 'float'(으)로 변환하면서 데이터가 손실될 수 있습니다.
cSkinnedMesh.cpp(426): warning C4244: '=': 'DOUBLE'에서 'float'(으)로 변환하면서 데이터가 손실될 수 있습니다.
  cSkinnedMeshManager.cpp
  cSokobanChar.cpp
  cTextureManager.cpp
  cTimeManager.cpp
  cUIButton.cpp
cUIButton.cpp(41): warning C4244: '=': 'UINT'에서 'float'(으)로 변환하면서 데이터가 손실될 수 있습니다.
cUIButton.cpp(42): warning C4244: '=': 'UINT'에서 'float'(으)로 변환하면서 데이터가 손실될 수 있습니다.
cUIButton.cpp(58): warning C4244: '인수': 'float'에서 'int'(으)로 변환하면서 데이터가 손실될 수 있습니다.
cUIButton.cpp(94): warning C4244: '인수': 'float'에서 'int'(으)로 변환하면서 데이터가 손실될 수 있습니다.
  cUIImageView.cpp
cUIImageView.cpp(18): warning C4244: '인수': 'float'에서 'int'(으)로 변환하면서 데이터가 손실될 수 있습니다.
  cUIInterface.cpp
cUIInterface.cpp(204): warning C4996: 'sprintf': This function or variable may be unsafe. Consider using sprintf_s instead. To disable deprecation, use _CRT_SECURE_NO_WARNINGS. See online help for details.
  C:\Program Files (x86)\Windows Kits\10\Include\10.0.10240.0\ucrt\stdio.h(1769): note: 'sprintf' 선언을 참조하십시오.
cUIInterface.cpp(209): warning C4996: 'sprintf': This function or variable may be unsafe. Consider using sprintf_s instead. To disable deprecation, use _CRT_SECURE_NO_WARNINGS. See online help for details.
  C:\Program Files (x86)\Windows Kits\10\Include\10.0.10240.0\ucrt\stdio.h(1769): note: 'sprintf' 선언을 참조하십시오.
  cUIObject.cpp
  컴파일하고 있습니다...
  cUITextView.cpp
cUITextView.cpp(25): warning C4244: '인수': 'float'에서 'int'(으)로 변환하면서 데이터가 손실될 수 있습니다.
  Dx3D.cpp
  iCharacter.cpp
  iMap.cpp
  cKeyManager.cpp
  cSoundManager.cpp
  코드를 생성하고 있습니다.
  All 2285 functions were compiled because no usable IPDB/IOBJ from previous compilation was found.
  코드를 생성했습니다.
  Dx3D.vcxproj -> C:\Users\kim i w\Desktop\201612093\Pofol\Release\Dx3D.exe
