  stdafx.cpp
  cSoundManager.cpp
  cKeyManager.cpp
  iMap.cpp
  iCharacter.cpp
  Dx3D.cpp
  cUITextView.cpp
c:\users\hun\desktop\project\pofol\dx3d\cuitextview.cpp(25): warning C4244: '인수': 'float'에서 'int'(으)로 변환하면서 데이터가 손실될 수 있습니다.
  cUIObject.cpp
  cUIInterface.cpp
c:\users\hun\desktop\project\pofol\dx3d\cuiinterface.cpp(204): warning C4996: 'sprintf': This function or variable may be unsafe. Consider using sprintf_s instead. To disable deprecation, use _CRT_SECURE_NO_WARNINGS. See online help for details.
  c:\program files (x86)\windows kits\10\include\10.0.10240.0\ucrt\stdio.h(1769): note: 'sprintf' 선언을 참조하십시오.
c:\users\hun\desktop\project\pofol\dx3d\cuiinterface.cpp(209): warning C4996: 'sprintf': This function or variable may be unsafe. Consider using sprintf_s instead. To disable deprecation, use _CRT_SECURE_NO_WARNINGS. See online help for details.
  c:\program files (x86)\windows kits\10\include\10.0.10240.0\ucrt\stdio.h(1769): note: 'sprintf' 선언을 참조하십시오.
  cUIImageView.cpp
c:\users\hun\desktop\project\pofol\dx3d\cuiimageview.cpp(18): warning C4244: '인수': 'float'에서 'int'(으)로 변환하면서 데이터가 손실될 수 있습니다.
  cUIButton.cpp
c:\users\hun\desktop\project\pofol\dx3d\cuibutton.cpp(41): warning C4244: '=': 'UINT'에서 'float'(으)로 변환하면서 데이터가 손실될 수 있습니다.
c:\users\hun\desktop\project\pofol\dx3d\cuibutton.cpp(42): warning C4244: '=': 'UINT'에서 'float'(으)로 변환하면서 데이터가 손실될 수 있습니다.
c:\users\hun\desktop\project\pofol\dx3d\cuibutton.cpp(58): warning C4244: '인수': 'float'에서 'int'(으)로 변환하면서 데이터가 손실될 수 있습니다.
c:\users\hun\desktop\project\pofol\dx3d\cuibutton.cpp(94): warning C4244: '인수': 'float'에서 'int'(으)로 변환하면서 데이터가 손실될 수 있습니다.
  cTimeManager.cpp
  cTextureManager.cpp
  cSokobanChar.cpp
  cSkinnedMeshManager.cpp
  cSkinnedMesh.cpp
c:\users\hun\desktop\project\pofol\dx3d\cskinnedmesh.cpp(119): warning C4244: '인수': 'float'에서 'DWORD'(으)로 변환하면서 데이터가 손실될 수 있습니다.
c:\users\hun\desktop\project\pofol\dx3d\cskinnedmesh.cpp(315): warning C4018: '>': signed 또는 unsigned가 일치하지 않습니다.
  cSkillManager.cpp
  cRegina.cpp
  cRay.cpp
  cPyramid.cpp
  cObjMap.cpp
c:\users\hun\desktop\project\pofol\dx3d\cobjmap.cpp(53): warning C4101: 'ppAllHits' :참조되지 않은 지역 변수입니다.
c:\users\hun\desktop\project\pofol\dx3d\cobjmap.cpp(52): warning C4101: 'pFaceIndex' :참조되지 않은 지역 변수입니다.
c:\users\hun\desktop\project\pofol\dx3d\cobjmap.cpp(54): warning C4101: 'pCountOfHits' :참조되지 않은 지역 변수입니다.
  코드를 생성하고 있습니다...
  컴파일하고 있습니다...
  cObjLoader.cpp
c:\users\hun\desktop\project\pofol\dx3d\cobjloader.cpp(535): warning C4018: '<': signed 또는 unsigned가 일치하지 않습니다.
c:\users\hun\desktop\project\pofol\dx3d\cobjloader.cpp(659): warning C4018: '<': signed 또는 unsigned가 일치하지 않습니다.
c:\program files (x86)\microsoft visual studio 14.0\vc\include\xutility(2229): warning C4996: 'std::_Copy_impl': Function call with parameters that may be unsafe - this call relies on the caller to check that the passed values are correct. To disable this warning, use -D_SCL_SECURE_NO_WARNINGS. See documentation on how to use Visual C++ 'Checked Iterators'
  c:\program files (x86)\microsoft visual studio 14.0\vc\include\xutility(2216): note: 'std::_Copy_impl' 선언을 참조하십시오.
  c:\users\hun\desktop\project\pofol\dx3d\cobjloader.cpp(897): note: 컴파일 중인 함수 템플릿 인스턴스화 '_OutIt std::copy<std::_String_iterator<std::_String_val<std::_Simple_types<char>>>,char*>(_InIt,_InIt,_OutIt)'에 대한 참조를 확인하십시오.
          with
          [
              _OutIt=char *,
              _InIt=std::_String_iterator<std::_String_val<std::_Simple_types<char>>>
          ]
  cObjectPool.cpp
  cObject.cpp
  cMtlTex.cpp
  cMainGame.cpp
c:\users\hun\desktop\project\pofol\dx3d\cmaingame.cpp(77): warning C4316: 'cCharController': 힙에 할당된 개체가 16에 맞추어져 있지 않을 수도 있습니다
c:\users\hun\desktop\project\pofol\dx3d\cmaingame.cpp(82): warning C4316: 'cUIInterface': 힙에 할당된 개체가 16에 맞추어져 있지 않을 수도 있습니다
  cItemBase.cpp
  cHeightMap.cpp
c:\users\hun\desktop\project\pofol\dx3d\cheightmap.cpp(44): warning C4244: '인수': 'int'에서 'FLOAT'(으)로 변환하면서 데이터가 손실될 수 있습니다.
c:\users\hun\desktop\project\pofol\dx3d\cheightmap.cpp(51): warning C4018: '<': signed 또는 unsigned가 일치하지 않습니다.
  cGroup.cpp
  cGrid.cpp
c:\users\hun\desktop\project\pofol\dx3d\cgrid.cpp(87): warning C4316: 'cPyramid': 힙에 할당된 개체가 16에 맞추어져 있지 않을 수도 있습니다
c:\users\hun\desktop\project\pofol\dx3d\cgrid.cpp(95): warning C4316: 'cPyramid': 힙에 할당된 개체가 16에 맞추어져 있지 않을 수도 있습니다
c:\users\hun\desktop\project\pofol\dx3d\cgrid.cpp(103): warning C4316: 'cPyramid': 힙에 할당된 개체가 16에 맞추어져 있지 않을 수도 있습니다
  cGameObject.cpp
  cFrame.cpp
  cFontManager.cpp
  cFiona.cpp
  cDeviceManager.cpp
  cCube.cpp
  cCharController.cpp
  cCamera.cpp
  cAutoReleasePool.cpp
  cAseLoader.cpp
c:\users\hun\desktop\project\pofol\dx3d\caseloader.cpp(239): warning C4316: 'cFrame': 힙에 할당된 개체가 16에 맞추어져 있지 않을 수도 있습니다
  cAllocateHierarchy.cpp
c:\users\hun\desktop\project\pofol\dx3d\callocatehierarchy.cpp(21): warning C4316: 'ST_BONE': 힙에 할당된 개체가 16에 맞추어져 있지 않을 수도 있습니다
c:\users\hun\desktop\project\pofol\dx3d\callocatehierarchy.cpp(28): warning C4996: 'strcpy': This function or variable may be unsafe. Consider using strcpy_s instead. To disable deprecation, use _CRT_SECURE_NO_WARNINGS. See online help for details.
  c:\program files (x86)\windows kits\10\include\10.0.10240.0\ucrt\string.h(119): note: 'strcpy' 선언을 참조하십시오.
  코드를 생성하고 있습니다...
c:\users\hun\desktop\project\pofol\dx3d\cmaingame.cpp(218): warning C4172: 지역 변수 또는 임시: temp의 주소를 반환하고 있습니다.
  컴파일하고 있습니다...
  cActionSeq.cpp
c:\users\hun\desktop\project\pofol\dx3d\cactionseq.cpp(28): warning C4018: '<': signed 또는 unsigned가 일치하지 않습니다.
c:\users\hun\desktop\project\pofol\dx3d\cactionseq.cpp(39): warning C4018: '<': signed 또는 unsigned가 일치하지 않습니다.
  cActionRepeat.cpp
  cActionMove.cpp
  cAction.cpp
  코드를 생성하고 있습니다...
  LINK : C:\Users\HUN\Desktop\project\Pofol\Debug\Dx3D.exe을(를) 찾을 수 없거나 마지막 증분 링크에 의해 빌드되지 않았습니다. 전체 링크를 수행하고 있습니다.
  Dx3D.vcxproj -> C:\Users\HUN\Desktop\project\Pofol\Debug\Dx3D.exe
